<?xml version="1.0" encoding="utf-8"?>
<TestRun id="6d848e90-dea0-43f0-b876-269feed77709" name="@task-execution-3fcf77b8-8a7d-4c84-9e43-63aa7adfbb6e 2026-09-21 15:44:44" xmlns="http://microsoft.com/schemas/VisualStudio/TeamTest/2010">
  <Times creation="2026-09-21T15:44:44.5914902+00:00" queuing="2026-09-21T15:44:44.5914902+00:00" start="2026-09-21T15:44:44.1604320+00:00" finish="2026-09-21T15:44:44.5946236+00:00" />
  <TestSettings name="default" id="067ecce7-393f-448d-a9ca-2fa5e93857cb">
    <Deployment runDeploymentRoot="_task-execution-3fcf77b8-8a7d-4c84-9e43-63aa7adfbb6e_2026-09-21_15_44_44" />
  </TestSettings>
  <Results>
    <UnitTestResult executionId="c384d61b-f880-4389-97d1-aa2c7073da43" testId="75b371a0-71e6-eb20-8b16-b760a5e9d6a5" testName="TimezoneUtility.Contract.BatchConvertContractTests.SuccessfulOutputCsv_Schema_MatchesDocumentedHeader" computerName="task-execution-3fcf77b8-8a7d-4c84-9e43-63aa7adfbb6e" duration="00:00:00.0004641" startTime="2026-09-21T15:44:44.5146855+00:00" endTime="2026-09-21T15:44:44.5146856+00:00" testType="13cdc9d9-ddb5-4fa4-a97d-d965ccfc6d4b" outcome="Passed" testListId="8c84fa94-04c1-424b-9868-57a2d4851a1d" relativeResultsDirectory="c384d61b-f880-4389-97d1-aa2c7073da43" />
    <UnitTestResult executionId="e15f940c-033c-4aad-947f-569f89ce130d" testId="34e687b4-bb53-7ce9-3a0e-0ea0edfb6a41" testName="TimezoneUtility.Contract.BatchConvertContractTests.CLI_Surface_HasInputFileArgument_OutputDirOption_JsonOption" computerName="task-execution-3fcf77b8-8a7d-4c84-9e43-63aa7adfbb6e" duration="00:00:00.0020057" startTime="2026-09-21T15:44:44.5305816+00:00" endTime="2026-09-21T15:44:44.5305816+00:00" testType="13cdc9d9-ddb5-4fa4-a97d-d965ccfc6d4b" outcome="Passed" testListId="8c84fa94-04c1-424b-9868-57a2d4851a1d" relativeResultsDirectory="e15f940c-033c-4aad-947f-569f89ce130d" />
    <UnitTestResult executionId="a30fc1d3-96a8-4105-a8b3-0e0d477d2453" testId="d4c94248-0e87-c77a-3ee0-9aaf7e704cf1" testName="TimezoneUtility.Contract.BatchConvertContractTests.RunSummary_HumanReadable_DisplaysExplicitZeroFailedCount" computerName="task-execution-3fcf77b8-8a7d-4c84-9e43-63aa7adfbb6e" duration="00:00:00.0548106" startTime="2026-09-21T15:44:44.5120235+00:00" endTime="2026-09-21T15:44:44.5120293+00:00" testType="13cdc9d9-ddb5-4fa4-a97d-d965ccfc6d4b" outcome="Passed" testListId="8c84fa94-04c1-424b-9868-57a2d4851a1d" relativeResultsDirectory="a30fc1d3-96a8-4105-a8b3-0e0d477d2453" />
    <UnitTestResult executionId="54ffdb9f-8167-4fc4-82a0-ffe5cc6f402f" testId="7b8c596f-df2f-15ca-8c48-175a2f99dcac" testName="TimezoneUtility.Contract.BatchConvertContractTests.RunSummary_Json_ContainsDocumentedFields" computerName="task-execution-3fcf77b8-8a7d-4c84-9e43-63aa7adfbb6e" duration="00:00:00.0136992" startTime="2026-09-21T15:44:44.5285121+00:00" endTime="2026-09-21T15:44:44.5285122+00:00" testType="13cdc9d9-ddb5-4fa4-a97d-d965ccfc6d4b" outcome="Passed" testListId="8c84fa94-04c1-424b-9868-57a2d4851a1d" relativeResultsDirectory="54ffdb9f-8167-4fc4-82a0-ffe5cc6f402f" />
    <UnitTestResult executionId="84e15f3a-b69c-435a-81f7-51ccfce4ef7d" testId="1f685c05-d479-824f-d56e-162f978cab66" testName="TimezoneUtility.Contract.BatchConvertContractTests.OutputWriteFailure_ExitsWithCode3_AndMessageMentionsCouldNotBeSaved" computerName="task-execution-3fcf77b8-8a7d-4c84-9e43-63aa7adfbb6e" duration="00:00:00.0017405" startTime="2026-09-21T15:44:44.5323786+00:00" endTime="2026-09-21T15:44:44.5323787+00:00" testType="13cdc9d9-ddb5-4fa4-a97d-d965ccfc6d4b" outcome="Passed" testListId="8c84fa94-04c1-424b-9868-57a2d4851a1d" relativeResultsDirectory="84e15f3a-b69c-435a-81f7-51ccfce4ef7d" />
    <UnitTestResult executionId="52a0c9eb-3232-4fb8-bfeb-bbe84bc0f32b" testId="58af4da4-ffb3-eeaa-b243-a90293aae949" testName="TimezoneUtility.Contract.BatchConvertContractTests.CLI_Surface_SupportsHelp" computerName="task-execution-3fcf77b8-8a7d-4c84-9e43-63aa7adfbb6e" duration="00:00:00.0125921" startTime="2026-09-21T15:44:44.5450253+00:00" endTime="2026-09-21T15:44:44.5450254+00:00" testType="13cdc9d9-ddb5-4fa4-a97d-d965ccfc6d4b" outcome="Passed" testListId="8c84fa94-04c1-424b-9868-57a2d4851a1d" relativeResultsDirectory="52a0c9eb-3232-4fb8-bfeb-bbe84bc0f32b" />
    <UnitTestResult executionId="d9f53154-4df9-4cc6-8e0b-ad838a7a28a4" testId="f932aabb-12e5-3c37-7ac9-597740b78008" testName="TimezoneUtility.Contract.BatchConvertContractTests.InvalidRowReportCsv_Schema_MatchesDocumentedHeader_AndIsSeparateFile" computerName="task-execution-3fcf77b8-8a7d-4c84-9e43-63aa7adfbb6e" duration="00:00:00.0025487" startTime="2026-09-21T15:44:44.5141882+00:00" endTime="2026-09-21T15:44:44.5141882+00:00" testType="13cdc9d9-ddb5-4fa4-a97d-d965ccfc6d4b" outcome="Passed" testListId="8c84fa94-04c1-424b-9868-57a2d4851a1d" relativeResultsDirectory="d9f53154-4df9-4cc6-8e0b-ad838a7a28a4" />
  </Results>
  <TestDefinitions>
    <UnitTest name="TimezoneUtility.Contract.BatchConvertContractTests.CLI_Surface_SupportsHelp" storage="/workdir/repositories/spec-kit-dotnet-cli-demo/tests/timezoneutility.contract/bin/debug/net8.0/timezoneutility.contract.dll" id="58af4da4-ffb3-eeaa-b243-a90293aae949">
      <Execution id="52a0c9eb-3232-4fb8-bfeb-bbe84bc0f32b" />
      <TestMethod codeBase="/workdir/repositories/spec-kit-dotnet-cli-demo/tests/TimezoneUtility.Contract/bin/Debug/net8.0/TimezoneUtility.Contract.dll" adapterTypeName="executor://xunit/VsTestRunner2/netcoreapp" className="TimezoneUtility.Contract.BatchConvertContractTests" name="CLI_Surface_SupportsHelp" />
    </UnitTest>
    <UnitTest name="TimezoneUtility.Contract.BatchConvertContractTests.RunSummary_HumanReadable_DisplaysExplicitZeroFailedCount" storage="/workdir/repositories/spec-kit-dotnet-cli-demo/tests/timezoneutility.contract/bin/debug/net8.0/timezoneutility.contract.dll" id="d4c94248-0e87-c77a-3ee0-9aaf7e704cf1">
      <Execution id="a30fc1d3-96a8-4105-a8b3-0e0d477d2453" />
      <TestMethod codeBase="/workdir/repositories/spec-kit-dotnet-cli-demo/tests/TimezoneUtility.Contract/bin/Debug/net8.0/TimezoneUtility.Contract.dll" adapterTypeName="executor://xunit/VsTestRunner2/netcoreapp" className="TimezoneUtility.Contract.BatchConvertContractTests" name="RunSummary_HumanReadable_DisplaysExplicitZeroFailedCount" />
    </UnitTest>
    <UnitTest name="TimezoneUtility.Contract.BatchConvertContractTests.InvalidRowReportCsv_Schema_MatchesDocumentedHeader_AndIsSeparateFile" storage="/workdir/repositories/spec-kit-dotnet-cli-demo/tests/timezoneutility.contract/bin/debug/net8.0/timezoneutility.contract.dll" id="f932aabb-12e5-3c37-7ac9-597740b78008">
      <Execution id="d9f53154-4df9-4cc6-8e0b-ad838a7a28a4" />
      <TestMethod codeBase="/workdir/repositories/spec-kit-dotnet-cli-demo/tests/TimezoneUtility.Contract/bin/Debug/net8.0/TimezoneUtility.Contract.dll" adapterTypeName="executor://xunit/VsTestRunner2/netcoreapp" className="TimezoneUtility.Contract.BatchConvertContractTests" name="InvalidRowReportCsv_Schema_MatchesDocumentedHeader_AndIsSeparateFile" />
    </UnitTest>
    <UnitTest name="TimezoneUtility.Contract.BatchConvertContractTests.RunSummary_Json_ContainsDocumentedFields" storage="/workdir/repositories/spec-kit-dotnet-cli-demo/tests/timezoneutility.contract/bin/debug/net8.0/timezoneutility.contract.dll" id="7b8c596f-df2f-15ca-8c48-175a2f99dcac">
      <Execution id="54ffdb9f-8167-4fc4-82a0-ffe5cc6f402f" />
      <TestMethod codeBase="/workdir/repositories/spec-kit-dotnet-cli-demo/tests/TimezoneUtility.Contract/bin/Debug/net8.0/TimezoneUtility.Contract.dll" adapterTypeName="executor://xunit/VsTestRunner2/netcoreapp" className="TimezoneUtility.Contract.BatchConvertContractTests" name="RunSummary_Json_ContainsDocumentedFields" />
    </UnitTest>
    <UnitTest name="TimezoneUtility.Contract.BatchConvertContractTests.SuccessfulOutputCsv_Schema_MatchesDocumentedHeader" storage="/workdir/repositories/spec-kit-dotnet-cli-demo/tests/timezoneutility.contract/bin/debug/net8.0/timezoneutility.contract.dll" id="75b371a0-71e6-eb20-8b16-b760a5e9d6a5">
      <Execution id="c384d61b-f880-4389-97d1-aa2c7073da43" />
      <TestMethod codeBase="/workdir/repositories/spec-kit-dotnet-cli-demo/tests/TimezoneUtility.Contract/bin/Debug/net8.0/TimezoneUtility.Contract.dll" adapterTypeName="executor://xunit/VsTestRunner2/netcoreapp" className="TimezoneUtility.Contract.BatchConvertContractTests" name="SuccessfulOutputCsv_Schema_MatchesDocumentedHeader" />
    </UnitTest>
    <UnitTest name="TimezoneUtility.Contract.BatchConvertContractTests.CLI_Surface_HasInputFileArgument_OutputDirOption_JsonOption" storage="/workdir/repositories/spec-kit-dotnet-cli-demo/tests/timezoneutility.contract/bin/debug/net8.0/timezoneutility.contract.dll" id="34e687b4-bb53-7ce9-3a0e-0ea0edfb6a41">
      <Execution id="e15f940c-033c-4aad-947f-569f89ce130d" />
      <TestMethod codeBase="/workdir/repositories/spec-kit-dotnet-cli-demo/tests/TimezoneUtility.Contract/bin/Debug/net8.0/TimezoneUtility.Contract.dll" adapterTypeName="executor://xunit/VsTestRunner2/netcoreapp" className="TimezoneUtility.Contract.BatchConvertContractTests" name="CLI_Surface_HasInputFileArgument_OutputDirOption_JsonOption" />
    </UnitTest>
    <UnitTest name="TimezoneUtility.Contract.BatchConvertContractTests.OutputWriteFailure_ExitsWithCode3_AndMessageMentionsCouldNotBeSaved" storage="/workdir/repositories/spec-kit-dotnet-cli-demo/tests/timezoneutility.contract/bin/debug/net8.0/timezoneutility.contract.dll" id="1f685c05-d479-824f-d56e-162f978cab66">
      <Execution id="84e15f3a-b69c-435a-81f7-51ccfce4ef7d" />
      <TestMethod codeBase="/workdir/repositories/spec-kit-dotnet-cli-demo/tests/TimezoneUtility.Contract/bin/Debug/net8.0/TimezoneUtility.Contract.dll" adapterTypeName="executor://xunit/VsTestRunner2/netcoreapp" className="TimezoneUtility.Contract.BatchConvertContractTests" name="OutputWriteFailure_ExitsWithCode3_AndMessageMentionsCouldNotBeSaved" />
    </UnitTest>
  </TestDefinitions>
  <TestEntries>
    <TestEntry testId="75b371a0-71e6-eb20-8b16-b760a5e9d6a5" executionId="c384d61b-f880-4389-97d1-aa2c7073da43" testListId="8c84fa94-04c1-424b-9868-57a2d4851a1d" />
    <TestEntry testId="34e687b4-bb53-7ce9-3a0e-0ea0edfb6a41" executionId="e15f940c-033c-4aad-947f-569f89ce130d" testListId="8c84fa94-04c1-424b-9868-57a2d4851a1d" />
    <TestEntry testId="d4c94248-0e87-c77a-3ee0-9aaf7e704cf1" executionId="a30fc1d3-96a8-4105-a8b3-0e0d477d2453" testListId="8c84fa94-04c1-424b-9868-57a2d4851a1d" />
    <TestEntry testId="7b8c596f-df2f-15ca-8c48-175a2f99dcac" executionId="54ffdb9f-8167-4fc4-82a0-ffe5cc6f402f" testListId="8c84fa94-04c1-424b-9868-57a2d4851a1d" />
    <TestEntry testId="1f685c05-d479-824f-d56e-162f978cab66" executionId="84e15f3a-b69c-435a-81f7-51ccfce4ef7d" testListId="8c84fa94-04c1-424b-9868-57a2d4851a1d" />
    <TestEntry testId="58af4da4-ffb3-eeaa-b243-a90293aae949" executionId="52a0c9eb-3232-4fb8-bfeb-bbe84bc0f32b" testListId="8c84fa94-04c1-424b-9868-57a2d4851a1d" />
    <TestEntry testId="f932aabb-12e5-3c37-7ac9-597740b78008" executionId="d9f53154-4df9-4cc6-8e0b-ad838a7a28a4" testListId="8c84fa94-04c1-424b-9868-57a2d4851a1d" />
  </TestEntries>
  <TestLists>
    <TestList name="Results Not in a List" id="8c84fa94-04c1-424b-9868-57a2d4851a1d" />
    <TestList name="All Loaded Results" id="19431567-8539-422a-85d7-44ee4e166bda" />
  </TestLists>
  <ResultSummary outcome="Completed">
    <Counters total="7" executed="7" passed="7" failed="0" error="0" timeout="0" aborted="0" inconclusive="0" passedButRunAborted="0" notRunnable="0" notExecuted="0" disconnected="0" warning="0" completed="0" inProgress="0" pending="0" />
    <Output>
      <StdOut>[xUnit.net 00:00:00.00] xUnit.net VSTest Adapter v2.5.3.1+6b60a9e56a (64-bit .NET 8.0.31)
[xUnit.net 00:00:00.03]   Discovering: TimezoneUtility.Contract
[xUnit.net 00:00:00.05]   Discovered:  TimezoneUtility.Contract
[xUnit.net 00:00:00.05]   Starting:    TimezoneUtility.Contract
Batch conversion complete: /tmp/batch-contract-08d49404-7a98-4488-8bbb-29d19d7d8f26/batch.csv
  Total rows processed: 2
  Succeeded:             1
  Failed:                1
Successful output:      /tmp/batch-contract-08d49404-7a98-4488-8bbb-29d19d7d8f26/batch.converted.csv
Invalid-row report:     /tmp/batch-contract-08d49404-7a98-4488-8bbb-29d19d7d8f26/batch.invalid-rows.csv
Batch conversion complete: /tmp/batch-contract-69210a13-4c88-4902-8070-7353e1ee31fb/batch.csv
  Total rows processed: 1
  Succeeded:             1
  Failed:                0
Successful output:      /tmp/batch-contract-69210a13-4c88-4902-8070-7353e1ee31fb/batch.converted.csv
Invalid-row report:     /tmp/batch-contract-69210a13-4c88-4902-8070-7353e1ee31fb/batch.invalid-rows.csv
Description:
  Convert a batch of timestamps listed in a CSV file
Usage:
  testhost convert-batch &lt;input-file&gt; [options]
Arguments:
  &lt;input-file&gt;  Path to the input CSV file
Options:
  --output-dir &lt;output-dir&gt;  Directory to write both output files into (defaults to the input file's directory)
  --json                     Print the run summary as JSON instead of human-readable text
  -?, -h, --help             Show help and usage information
[xUnit.net 00:00:00.16]   Finished:    TimezoneUtility.Contract
</StdOut>
    </Output>
  </ResultSummary>
</TestRun>