<?xml version='1.0' encoding='utf-8'?>
<testsuite name="TimezoneUtility" tests="95" failures="0" errors="0" skipped="0"><testcase classname="TimezoneUtility.Unit.Services.BatchConversion.BatchTimestampInterpreterTests" name="TimezoneUtility.Unit.Services.BatchConversion.BatchTimestampInterpreterTests.STS_004_B1_ExplicitOffset_TakesPrecedenceOverSourceTimezone" time="0" /><testcase classname="TimezoneUtility.Unit.Services.BatchConversion.BatchRunSummaryGeneratorTests" name="TimezoneUtility.Unit.Services.BatchConversion.BatchRunSummaryGeneratorTests.STS_011_B1_HeaderOnlyFile_NoRowsProcessed_TrueAndCountsZero" time="0" /><testcase classname="TimezoneUtility.Unit.Services.BatchConversion.BatchRowProcessorTests" name="TimezoneUtility.Unit.Services.BatchConversion.BatchRowProcessorTests.STS_005_C1_UnderlyingConversionEngineThrows_RowIsIsolatedAsFailure" time="0" /><testcase classname="TimezoneUtility.Unit.Services.BatchConversion.BatchRunSummaryGeneratorTests" name="TimezoneUtility.Unit.Services.BatchConversion.BatchRunSummaryGeneratorTests.STS_010_A2_PartiallySucceeded_BothCountsGreaterThanZero" time="0" /><testcase classname="TimezoneUtility.Unit.Services.BatchConversion.ModelInvariantTests" name="TimezoneUtility.Unit.Services.BatchConversion.ModelInvariantTests.REQ_021_REQ_022_BatchRunSummary_TotalRowsEqualsSucceededPlusFailed(succeeded: 0, failed: 5)" time="0" /><testcase classname="TimezoneUtility.Unit.Services.BatchConversion.BatchOutputWriterTests" name="TimezoneUtility.Unit.Services.BatchConversion.BatchOutputWriterTests.STS_009_A1_TwoOutputArtifacts_ContainExactlyTheirOwnRecordsWithNoIntermixing" time="0" /><testcase classname="TimezoneUtility.Unit.Services.BatchConversion.ModelInvariantTests" name="TimezoneUtility.Unit.Services.BatchConversion.ModelInvariantTests.InvalidRowRecord_HoldsRowNumberAndReason" time="0" /><testcase classname="TimezoneUtility.Unit.Services.BatchConversion.BatchRunSummaryGeneratorTests" name="TimezoneUtility.Unit.Services.BatchConversion.BatchRunSummaryGeneratorTests.AllFailed_SucceededCountIsZero" time="0" /><testcase classname="TimezoneUtility.Unit.Services.BatchConversion.ModelInvariantTests" name="TimezoneUtility.Unit.Services.BatchConversion.ModelInvariantTests.REQ_025_RowConversionResult_ConvertedLocalDateTime_ReflectsDateBoundaryCrossing" time="0" /><testcase classname="TimezoneUtility.Unit.Services.BatchConversion.BatchRowValidatorTests" name="TimezoneUtility.Unit.Services.BatchConversion.BatchRowValidatorTests.STS_003_B2_ValidIanaIdentifiers_AreRecognized" time="0" /><testcase classname="TimezoneUtility.Unit.Services.BatchConversion.BatchTimestampInterpreterTests" name="TimezoneUtility.Unit.Services.BatchConversion.BatchTimestampInterpreterTests.EmptyTimestamp_ReturnsFalse" time="0" /><testcase classname="TimezoneUtility.Unit.Services.BatchConversion.BatchRowValidatorTests" name="TimezoneUtility.Unit.Services.BatchConversion.BatchRowValidatorTests.REQ_015_MissingSourceTimezone_FailsIdentifyingTheField" time="0" /><testcase classname="TimezoneUtility.Unit.Services.BatchConversion.BatchOutputWriterTests" name="TimezoneUtility.Unit.Services.BatchConversion.BatchOutputWriterTests.STS_009_B1_WriteDestinationUnwritable_ReportsFailure_AndInMemoryResultsRemainRetained" time="0" /><testcase classname="TimezoneUtility.Unit.Services.BatchConversion.TimeServiceDstBoundaryTests" name="TimezoneUtility.Unit.Services.BatchConversion.TimeServiceDstBoundaryTests.STS_005_B1_SpringForwardNonexistentHour_ResolvesToConvertedResult_NotAnException" time="0" /><testcase classname="TimezoneUtility.Unit.Services.BatchConversion.BatchTimestampInterpreterTests" name="TimezoneUtility.Unit.Services.BatchConversion.BatchTimestampInterpreterTests.STS_004_A1_NoExplicitOffset_IsInterpretedAsLocalToSourceTimezone" time="0" /><testcase classname="TimezoneUtility.Unit.Services.BatchConversion.CsvBatchReaderTests" name="TimezoneUtility.Unit.Services.BatchConversion.CsvBatchReaderTests.REQ_002_HeaderNames_AreCaseInsensitive" time="0" /><testcase classname="TimezoneUtility.Unit.Services.BatchConversion.SuccessfulResultFormatterTests" name="TimezoneUtility.Unit.Services.BatchConversion.SuccessfulResultFormatterTests.STS_005_A1_DateBoundaryCrossing_IsCapturedInConvertedResult" time="0" /><testcase classname="TimezoneUtility.Unit.Services.BatchConversion.BatchRunSummaryGeneratorTests" name="TimezoneUtility.Unit.Services.BatchConversion.BatchRunSummaryGeneratorTests.STS_010_B1_IncompleteFailedRowCount_SummaryReflectsIncompleteCountNotTrueCount" time="0" /><testcase classname="TimezoneUtility.Unit.Services.BatchConversion.ModelInvariantTests" name="TimezoneUtility.Unit.Services.BatchConversion.ModelInvariantTests.REQ_021_REQ_022_BatchRunSummary_TotalRowsEqualsSucceededPlusFailed(succeeded: 5, failed: 0)" time="0" /><testcase classname="TimezoneUtility.Unit.Services.BatchConversion.BatchRunSummaryGeneratorTests" name="TimezoneUtility.Unit.Services.BatchConversion.BatchRunSummaryGeneratorTests.REQ_NF_003_TwoCountsAloneClassifyTheRun(succeeded: 3, failed: 2)" time="0" /><testcase classname="TimezoneUtility.Unit.Services.BatchConversion.InvalidRowReporterTests" name="TimezoneUtility.Unit.Services.BatchConversion.InvalidRowReporterTests.REQ_014_UnrecognizedTimezoneReason_ContainsTheOffendingValue" time="0" /><testcase classname="TimezoneUtility.Unit.Services.BatchConversion.InvalidRowReporterTests" name="TimezoneUtility.Unit.Services.BatchConversion.InvalidRowReporterTests.STS_007_A1_ReportedEntry_ContainsRowNumberAndReason" time="0" /><testcase classname="TimezoneUtility.Unit.Services.BatchConversion.BatchRunSummaryGeneratorTests" name="TimezoneUtility.Unit.Services.BatchConversion.BatchRunSummaryGeneratorTests.REQ_NF_003_TwoCountsAloneClassifyTheRun(succeeded: 0, failed: 5)" time="0" /><testcase classname="TimezoneUtility.Unit.Services.BatchConversion.CsvBatchReaderTests" name="TimezoneUtility.Unit.Services.BatchConversion.CsvBatchReaderTests.STS_001_A1_MissingFile_ReturnsFileLevelError" time="0" /><testcase classname="TimezoneUtility.Unit.Services.BatchConversion.BatchRunSummaryGeneratorTests" name="TimezoneUtility.Unit.Services.BatchConversion.BatchRunSummaryGeneratorTests.STS_010_B2_HeaderOnlyFile_ProducesNoRowsProcessedMessageNotZeroSummary" time="0" /><testcase classname="TimezoneUtility.Unit.Services.BatchConversion.BatchTimestampInterpreterTests" name="TimezoneUtility.Unit.Services.BatchConversion.BatchTimestampInterpreterTests.UnparseableTimestamp_ReturnsFalse" time="0" /><testcase classname="TimezoneUtility.Unit.Services.BatchConversion.CsvBatchReaderTests" name="TimezoneUtility.Unit.Services.BatchConversion.CsvBatchReaderTests.STS_002_A1_HeaderColumnsResolvedByName_OrderIndependent_ExtraColumnIgnored" time="0" /><testcase classname="TimezoneUtility.Unit.Services.BatchConversion.BatchRowsOrchestratorTests" name="TimezoneUtility.Unit.Services.BatchConversion.BatchRowsOrchestratorTests.STS_006_B1_UnhandledExceptionFromRowTwo_OrchestratorContinuesToRowsThreeAndFour" time="0" /><testcase classname="TimezoneUtility.Unit.Services.BatchConversion.CsvBatchReaderTests" name="TimezoneUtility.Unit.Services.BatchConversion.CsvBatchReaderTests.STS_002_B1_HeaderOnlyFile_ResolvesSuccessfullyWithZeroRows" time="0" /><testcase classname="TimezoneUtility.Unit.Services.BatchConversion.ModelInvariantTests" name="TimezoneUtility.Unit.Services.BatchConversion.ModelInvariantTests.REQ_021_REQ_022_BatchRunSummary_TotalRowsEqualsSucceededPlusFailed(succeeded: 3, failed: 2)" time="0" /><testcase classname="TimezoneUtility.Unit.Services.BatchConversion.ModelInvariantTests" name="TimezoneUtility.Unit.Services.BatchConversion.ModelInvariantTests.BatchConversionRow_HoldsRawFieldsExactlyAsSupplied" time="0" /><testcase classname="TimezoneUtility.Unit.Services.BatchConversion.BatchRunSummaryGeneratorTests" name="TimezoneUtility.Unit.Services.BatchConversion.BatchRunSummaryGeneratorTests.REQ_NF_003_TwoCountsAloneClassifyTheRun(succeeded: 5, failed: 0)" time="0" /><testcase classname="TimezoneUtility.Unit.Services.BatchConversion.BatchRowValidatorTests" name="TimezoneUtility.Unit.Services.BatchConversion.BatchRowValidatorTests.STS_003_A2_UnrecognizedSourceTimezone_FailsWithFieldSpecificReason" time="0" /><testcase classname="TimezoneUtility.Unit.Services.BatchConversion.BatchRowValidatorTests" name="TimezoneUtility.Unit.Services.BatchConversion.BatchRowValidatorTests.REQ_015_MissingTargetTimezone_FailsIdentifyingTheField" time="0" /><testcase classname="TimezoneUtility.Unit.Services.BatchConversion.InvalidRowReporterTests" name="TimezoneUtility.Unit.Services.BatchConversion.InvalidRowReporterTests.STS_007_B1_50Of200Rows_EachProducesDistinctEntry_ZeroOmitted" time="0" /><testcase classname="TimezoneUtility.Unit.Services.BatchConversion.BatchRunSummaryGeneratorTests" name="TimezoneUtility.Unit.Services.BatchConversion.BatchRunSummaryGeneratorTests.STS_010_A1_AllSucceeded_DisplaysExplicitZeroFailedCount" time="0" /><testcase classname="TimezoneUtility.Unit.Services.BatchConversion.SuccessfulResultFormatterTests" name="TimezoneUtility.Unit.Services.BatchConversion.SuccessfulResultFormatterTests.STS_008_A1_Result_ContainsOriginalValuesAndConvertedFields" time="0" /><testcase classname="TimezoneUtility.Unit.Services.BatchConversion.TimeServiceDstBoundaryTests" name="TimezoneUtility.Unit.Services.BatchConversion.TimeServiceDstBoundaryTests.STS_005_B2_FallBackRepeatedHour_ResolvesToExactlyOneConvertedResult_AccurateToTheMinute" time="0" /><testcase classname="TimezoneUtility.Unit.Services.BatchConversion.BatchRowValidatorTests" name="TimezoneUtility.Unit.Services.BatchConversion.BatchRowValidatorTests.REQ_015_MissingTimestamp_FailsIdentifyingTheField" time="0" /><testcase classname="TimezoneUtility.Unit.Services.BatchConversion.CsvBatchReaderTests" name="TimezoneUtility.Unit.Services.BatchConversion.CsvBatchReaderTests.REQ_028_EntirelyBlankRow_IsSkipped_NotCountedAsARow" time="0" /><testcase classname="TimezoneUtility.Unit.Services.BatchConversion.ModelInvariantTests" name="TimezoneUtility.Unit.Services.BatchConversion.ModelInvariantTests.REQ_007_RowConversionResult_ConvertedLocalDateTime_IsDerivedFromInstantAndZone" time="0" /><testcase classname="TimezoneUtility.Unit.Services.BatchConversion.BatchRowProcessorTests" name="TimezoneUtility.Unit.Services.BatchConversion.BatchRowProcessorTests.REQ_006_REQ_011_REQ_NF_001_MixedBatch_4Valid16Invalid_AllValidRowsSucceed" time="0" /><testcase classname="TimezoneUtility.Unit.Services.BatchConversion.BatchRowProcessorTests" name="TimezoneUtility.Unit.Services.BatchConversion.BatchRowProcessorTests.STS_006_A1_ConversionThrows_RowIsRoutedToInvalid_OtherRowsUnaffected" time="0" /><testcase classname="TimezoneUtility.Unit.Services.BatchConversion.CsvBatchReaderTests" name="TimezoneUtility.Unit.Services.BatchConversion.CsvBatchReaderTests.STS_002_A2_UnresolvableHeader_ReturnsFileLevelError_NoRowsProcessed" time="0" /><testcase classname="TimezoneUtility.Unit.Services.BatchConversion.BatchRowValidatorTests" name="TimezoneUtility.Unit.Services.BatchConversion.BatchRowValidatorTests.REQ_010_UnrecognizedTargetTimezone_Fails" time="0" /><testcase classname="TimezoneUtility.Unit.Services.BatchConversion.BatchRowValidatorTests" name="TimezoneUtility.Unit.Services.BatchConversion.BatchRowValidatorTests.STS_003_B1_FullyValidRow_Passes" time="0" /><testcase classname="TimezoneUtility.Unit.Services.BatchConversion.ModelInvariantTests" name="TimezoneUtility.Unit.Services.BatchConversion.ModelInvariantTests.REQ_021_REQ_022_BatchRunSummary_TotalRowsEqualsSucceededPlusFailed(succeeded: 0, failed: 0)" time="0" /><testcase classname="TimezoneUtility.Unit.Services.BatchConversion.SuccessfulResultFormatterTests" name="TimezoneUtility.Unit.Services.BatchConversion.SuccessfulResultFormatterTests.STS_005_A2_SameTimezone_NoOp_ProducesUnchangedTimestamp" time="0" /><testcase classname="TimezoneUtility.Contract.BatchConvertContractTests" name="TimezoneUtility.Contract.BatchConvertContractTests.SuccessfulOutputCsv_Schema_MatchesDocumentedHeader" time="0" /><testcase classname="TimezoneUtility.Contract.BatchConvertContractTests" name="TimezoneUtility.Contract.BatchConvertContractTests.CLI_Surface_HasInputFileArgument_OutputDirOption_JsonOption" time="0" /><testcase classname="TimezoneUtility.Contract.BatchConvertContractTests" name="TimezoneUtility.Contract.BatchConvertContractTests.RunSummary_HumanReadable_DisplaysExplicitZeroFailedCount" time="0" /><testcase classname="TimezoneUtility.Contract.BatchConvertContractTests" name="TimezoneUtility.Contract.BatchConvertContractTests.RunSummary_Json_ContainsDocumentedFields" time="0" /><testcase classname="TimezoneUtility.Contract.BatchConvertContractTests" name="TimezoneUtility.Contract.BatchConvertContractTests.OutputWriteFailure_ExitsWithCode3_AndMessageMentionsCouldNotBeSaved" time="0" /><testcase classname="TimezoneUtility.Contract.BatchConvertContractTests" name="TimezoneUtility.Contract.BatchConvertContractTests.CLI_Surface_SupportsHelp" time="0" /><testcase classname="TimezoneUtility.Contract.BatchConvertContractTests" name="TimezoneUtility.Contract.BatchConvertContractTests.InvalidRowReportCsv_Schema_MatchesDocumentedHeader_AndIsSeparateFile" time="0" /><testcase classname="TimezoneUtility.Integration.Commands.ConvertBatchCommandTests" name="TimezoneUtility.Integration.Commands.ConvertBatchCommandTests.ATP_011_A_SCN_011_A1_BatchContinuesProcessingAfterInvalidRow" time="0" /><testcase classname="TimezoneUtility.Integration.Commands.ConvertBatchCommandTests" name="TimezoneUtility.Integration.Commands.ConvertBatchCommandTests.ATP_014_A_SCN_014_A1_UnrecognizedTimezone_ReasonReferencesFieldAndValue" time="0" /><testcase classname="TimezoneUtility.Integration.Commands.ConvertBatchCommandTests" name="TimezoneUtility.Integration.Commands.ConvertBatchCommandTests.REQ_027_IdenticalSourceAndTargetTimezone_StillProducesUnchangedResult" time="0" /><testcase classname="TimezoneUtility.Integration.Commands.ConvertBatchCommandTests" name="TimezoneUtility.Integration.Commands.ConvertBatchCommandTests.STS_011_B2_10000ValidRows_SinglePassCompletion_SummaryReportsTotal10000Succeeded10000Failed0" time="0" /><testcase classname="TimezoneUtility.Integration.Commands.ConvertBatchCommandTests" name="TimezoneUtility.Integration.Commands.ConvertBatchCommandTests.ATP_029_A_SCN_029_A1_WriteFailureToOutputDestination_ReportedWithoutDiscardingComputedResults" time="0" /><testcase classname="TimezoneUtility.Integration.Commands.ConvertBatchCommandTests" name="TimezoneUtility.Integration.Commands.ConvertBatchCommandTests.ATP_015_A_SCN_015_A1_MissingSourceTimezone_ReasonIdentifiesTheField" time="0" /><testcase classname="TimezoneUtility.Integration.Commands.ConvertBatchCommandTests" name="TimezoneUtility.Integration.Commands.ConvertBatchCommandTests.ATP_NF_005_A_SCN_NF_005_A1_STS_011_B2_10000RowFile_CompletesInSingleRun" time="0" /><testcase classname="TimezoneUtility.Integration.Commands.ConvertBatchCommandTests" name="TimezoneUtility.Integration.Commands.ConvertBatchCommandTests.ATP_017_A_SCN_017_A1_STS_011_A1_UnidentifiableHeader_ExitCode2" time="0" /><testcase classname="TimezoneUtility.Integration.Commands.ConvertBatchCommandTests" name="TimezoneUtility.Integration.Commands.ConvertBatchCommandTests.ATP_013_A_SCN_013_A1_STS_003_A1_UnparseableTimestamp_ReasonReferencesTimestampField" time="0" /><testcase classname="TimezoneUtility.Integration.Commands.ConvertBatchCommandTests" name="TimezoneUtility.Integration.Commands.ConvertBatchCommandTests.ATP_025_A_SCN_025_A1_ConversionCrossingDateBoundary_ReportsCorrectResultingDate" time="0" /><testcase classname="TimezoneUtility.Integration.Commands.ConvertBatchCommandTests" name="TimezoneUtility.Integration.Commands.ConvertBatchCommandTests.ATP_012_A_SCN_012_A1_InvalidRowReport_ReferencesCorrectRowNumber" time="0" /><testcase classname="TimezoneUtility.Integration.Commands.ConvertBatchCommandTests" name="TimezoneUtility.Integration.Commands.ConvertBatchCommandTests.ATP_028_A_SCN_028_A1_EntirelyBlankRow_SkippedNotCountedEitherWay" time="0" /><testcase classname="TimezoneUtility.Integration.Commands.ConvertBatchCommandTests" name="TimezoneUtility.Integration.Commands.ConvertBatchCommandTests.ATP_018_A_SCN_018_A1_FileLevelError_NoRowsProcessed_BothOutputsAbsent" time="0" /><testcase classname="TimezoneUtility.Integration.Commands.ConvertBatchCommandTests" name="TimezoneUtility.Integration.Commands.ConvertBatchCommandTests.ATP_020_A_SCN_020_A1_InvalidReport_IsSeparateFromSuccessfulOutput" time="0" /><testcase classname="TimezoneUtility.Integration.Commands.ConvertBatchCommandTests" name="TimezoneUtility.Integration.Commands.ConvertBatchCommandTests.ATP_NF_002_A_SCN_NF_002_A1_5InvalidRows_EachDistinctFailureCause_AllAppear" time="0" /><testcase classname="TimezoneUtility.Integration.Commands.ConvertBatchCommandTests" name="TimezoneUtility.Integration.Commands.ConvertBatchCommandTests.ATP_NF_001_A_SCN_NF_001_A1_100PercentOfValidRows_ProduceConvertedResults" time="0" /><testcase classname="TimezoneUtility.Integration.Commands.ConvertBatchCommandTests" name="TimezoneUtility.Integration.Commands.ConvertBatchCommandTests.ATP_027_A_SCN_027_A1_IdenticalSourceAndTargetTimezone_YieldsSuccessfulUnchangedConversion" time="0" /><testcase classname="TimezoneUtility.Integration.Commands.ConvertBatchCommandTests" name="TimezoneUtility.Integration.Commands.ConvertBatchCommandTests.ATP_007_A_SCN_007_A1_SuccessfulOutputRecord_IncludesOriginalInputAndConvertedResult" time="0" /><testcase classname="TimezoneUtility.Integration.Commands.ConvertBatchCommandTests" name="TimezoneUtility.Integration.Commands.ConvertBatchCommandTests.ATP_019_A_SCN_019_A1_SuccessfulRows_AvailableAsStructuredMachineReadableOutput" time="0" /><testcase classname="TimezoneUtility.Integration.Commands.ConvertBatchCommandTests" name="TimezoneUtility.Integration.Commands.ConvertBatchCommandTests.ATP_002_A_SCN_002_A1_ColumnsIdentifiedByHeaderName_RegardlessOfOrder" time="0" /><testcase classname="TimezoneUtility.Integration.Commands.ConvertBatchCommandTests" name="TimezoneUtility.Integration.Commands.ConvertBatchCommandTests.ATP_003_A_SCN_003_A1_IanaTimezoneIdentifiers_AcceptedForSourceAndTarget" time="0" /><testcase classname="TimezoneUtility.Integration.Commands.ConvertBatchCommandTests" name="TimezoneUtility.Integration.Commands.ConvertBatchCommandTests.ATP_008_009_010_A_InvalidRow_AbsentFromSuccess_PresentInInvalidReport(ts: &quot;32/99/2026&quot;, src: &quot;America/Denver&quot;, tgt: &quot;UTC&quot;)" time="0" /><testcase classname="TimezoneUtility.Integration.Commands.ConvertBatchCommandTests" name="TimezoneUtility.Integration.Commands.ConvertBatchCommandTests.ATP_024_A_SCN_024_A1_NaiveTimestamp_InterpretedAsLocalToSourceTimezone" time="0" /><testcase classname="TimezoneUtility.Integration.Commands.ConvertBatchCommandTests" name="TimezoneUtility.Integration.Commands.ConvertBatchCommandTests.ATP_026_A_SCN_026_A1_STS_005_B1_SpringForwardGap_ResolvesSuccessfully_NotInvalid" time="0" /><testcase classname="TimezoneUtility.Integration.Commands.ConvertBatchCommandTests" name="TimezoneUtility.Integration.Commands.ConvertBatchCommandTests.REQ_024_NoExplicitOffset_InterpretedAsLocalToSourceTimezone" time="0" /><testcase classname="TimezoneUtility.Integration.Commands.ConvertBatchCommandTests" name="TimezoneUtility.Integration.Commands.ConvertBatchCommandTests.ATP_008_009_010_A_InvalidRow_AbsentFromSuccess_PresentInInvalidReport(ts: &quot;2026-02-10 09:00:00&quot;, src: &quot;Mars/Colony_One&quot;, tgt: &quot;UTC&quot;)" time="0" /><testcase classname="TimezoneUtility.Integration.Commands.ConvertBatchCommandTests" name="TimezoneUtility.Integration.Commands.ConvertBatchCommandTests.ATP_023_A_SCN_023_A1_HeaderOnlyFile_CompletesCleanlyWithEmptyOutputsAndNoRowsMessage" time="0" /><testcase classname="TimezoneUtility.Integration.Commands.ConvertBatchCommandTests" name="TimezoneUtility.Integration.Commands.ConvertBatchCommandTests.STS_001_B1_SYS001RaisesFileLevelError_SYS011AbortsImmediately_SYS002AndSYS006NeverInvoked" time="0" /><testcase classname="TimezoneUtility.Integration.Commands.ConvertBatchCommandTests" name="TimezoneUtility.Integration.Commands.ConvertBatchCommandTests.ATP_001_A_SCN_001_A1_AllValidRows_ProduceExactCountSuccessfulOutput" time="0" /><testcase classname="TimezoneUtility.Integration.Commands.ConvertBatchCommandTests" name="TimezoneUtility.Integration.Commands.ConvertBatchCommandTests.ATP_006_A_SCN_006_A1_OneRowFailure_DoesNotAffectAnotherRowsSuccess" time="0" /><testcase classname="TimezoneUtility.Integration.Commands.ConvertBatchCommandTests" name="TimezoneUtility.Integration.Commands.ConvertBatchCommandTests.ATP_016_A_SCN_016_A1_MissingInputFile_ExitCode2_NoInvalidRowEntries" time="0" /><testcase classname="TimezoneUtility.Integration.Commands.ConvertBatchCommandTests" name="TimezoneUtility.Integration.Commands.ConvertBatchCommandTests.ATP_026_B_SCN_026_B1_STS_005_B2_FallBackAmbiguousHour_ResolvesSuccessfully_NotInvalid" time="0" /><testcase classname="TimezoneUtility.Integration.Commands.ConvertBatchCommandTests" name="TimezoneUtility.Integration.Commands.ConvertBatchCommandTests.STS_011_A1_SYS002ColumnResolutionError_SYS011AbortsRun_ZeroRowsSubmittedToSYS006" time="0" /><testcase classname="TimezoneUtility.Integration.Commands.ConvertBatchCommandTests" name="TimezoneUtility.Integration.Commands.ConvertBatchCommandTests.STS_001_A2_FileExistsButUnreadable_ReturnsFileLevelUnreadableError_NoRowStreamProduced" time="0" /><testcase classname="TimezoneUtility.Integration.Commands.ConvertBatchCommandTests" name="TimezoneUtility.Integration.Commands.ConvertBatchCommandTests.ATP_005_A_SCN_005_A1_ValidRow_ConvertedSourceToTarget_WithDstApplied" time="0" /><testcase classname="TimezoneUtility.Integration.Commands.ConvertBatchCommandTests" name="TimezoneUtility.Integration.Commands.ConvertBatchCommandTests.ATP_021_022_NF_003_A_ThreeRuns_SummaryCountsAloneClassifyOutcome" time="0" /><testcase classname="TimezoneUtility.Integration.Commands.ConvertBatchCommandTests" name="TimezoneUtility.Integration.Commands.ConvertBatchCommandTests.STS_011_A2_OutputWriteFails_OrchestratorSurfacesFailure_ExitCode3_AfterAllRowsProcessed" time="0" /><testcase classname="TimezoneUtility.Integration.Commands.ConvertBatchCommandTests" name="TimezoneUtility.Integration.Commands.ConvertBatchCommandTests.STS_008_B1_300ValidRows_ProducesExactly300SuccessfulOutputRecords_ZeroMissing" time="0" /><testcase classname="TimezoneUtility.Integration.Commands.ConvertBatchCommandTests" name="TimezoneUtility.Integration.Commands.ConvertBatchCommandTests.ATP_004_A_SCN_004_A1_ExtraUnrecognizedColumns_AreIgnored" time="0" /><testcase classname="TimezoneUtility.Integration.Commands.ConvertBatchCommandTests" name="TimezoneUtility.Integration.Commands.ConvertBatchCommandTests.ATP_008_009_010_A_InvalidRow_AbsentFromSuccess_PresentInInvalidReport(ts: &quot;2026-02-10 09:00:00&quot;, src: &quot;UTC&quot;, tgt: &quot;Europe/Atlantis&quot;)" time="0" /></testsuite>