<?xml version='1.0' encoding='utf-8'?>
<testsuites tests="79" failures="0"><testsuite name="TimezoneUtility.Unit.Services.BatchConversion.BatchRunSummaryGeneratorTests" tests="9" failures="0" errors="0"><testcase classname="TimezoneUtility.Unit.Services.BatchConversion.BatchRunSummaryGeneratorTests" name="TimezoneUtility.Unit.Services.BatchConversion.BatchRunSummaryGeneratorTests.STS_010_B2_HeaderOnlyFile_ProducesNoRowsProcessedMessageNotZeroSummary" time="0.0010" /><testcase classname="TimezoneUtility.Unit.Services.BatchConversion.BatchRunSummaryGeneratorTests" name="TimezoneUtility.Unit.Services.BatchConversion.BatchRunSummaryGeneratorTests.REQ_NF_003_TwoCountsAloneClassifyTheRun(succeeded: 5, failed: 0)" time="0.0000" /><testcase classname="TimezoneUtility.Unit.Services.BatchConversion.BatchRunSummaryGeneratorTests" name="TimezoneUtility.Unit.Services.BatchConversion.BatchRunSummaryGeneratorTests.REQ_NF_003_TwoCountsAloneClassifyTheRun(succeeded: 3, failed: 2)" time="0.0005" /><testcase classname="TimezoneUtility.Unit.Services.BatchConversion.BatchRunSummaryGeneratorTests" name="TimezoneUtility.Unit.Services.BatchConversion.BatchRunSummaryGeneratorTests.STS_010_B1_IncompleteFailedRowCount_SummaryReflectsIncompleteCountNotTrueCount" time="0.0007" /><testcase classname="TimezoneUtility.Unit.Services.BatchConversion.BatchRunSummaryGeneratorTests" name="TimezoneUtility.Unit.Services.BatchConversion.BatchRunSummaryGeneratorTests.REQ_NF_003_TwoCountsAloneClassifyTheRun(succeeded: 0, failed: 5)" time="0.0002" /><testcase classname="TimezoneUtility.Unit.Services.BatchConversion.BatchRunSummaryGeneratorTests" name="TimezoneUtility.Unit.Services.BatchConversion.BatchRunSummaryGeneratorTests.STS_011_B1_HeaderOnlyFile_NoRowsProcessed_TrueAndCountsZero" time="0.0013" /><testcase classname="TimezoneUtility.Unit.Services.BatchConversion.BatchRunSummaryGeneratorTests" name="TimezoneUtility.Unit.Services.BatchConversion.BatchRunSummaryGeneratorTests.AllFailed_SucceededCountIsZero" time="0.0082" /><testcase classname="TimezoneUtility.Unit.Services.BatchConversion.BatchRunSummaryGeneratorTests" name="TimezoneUtility.Unit.Services.BatchConversion.BatchRunSummaryGeneratorTests.STS_010_A2_PartiallySucceeded_BothCountsGreaterThanZero" time="0.0004" /><testcase classname="TimezoneUtility.Unit.Services.BatchConversion.BatchRunSummaryGeneratorTests" name="TimezoneUtility.Unit.Services.BatchConversion.BatchRunSummaryGeneratorTests.STS_010_A1_AllSucceeded_DisplaysExplicitZeroFailedCount" time="0.0001" /></testsuite><testsuite name="TimezoneUtility.Unit.Services.BatchConversion.BatchTimestampInterpreterTests" tests="4" failures="0" errors="0"><testcase classname="TimezoneUtility.Unit.Services.BatchConversion.BatchTimestampInterpreterTests" name="TimezoneUtility.Unit.Services.BatchConversion.BatchTimestampInterpreterTests.EmptyTimestamp_ReturnsFalse" time="0.0001" /><testcase classname="TimezoneUtility.Unit.Services.BatchConversion.BatchTimestampInterpreterTests" name="TimezoneUtility.Unit.Services.BatchConversion.BatchTimestampInterpreterTests.STS_004_B1_ExplicitOffset_TakesPrecedenceOverSourceTimezone" time="0.0007" /><testcase classname="TimezoneUtility.Unit.Services.BatchConversion.BatchTimestampInterpreterTests" name="TimezoneUtility.Unit.Services.BatchConversion.BatchTimestampInterpreterTests.STS_004_A1_NoExplicitOffset_IsInterpretedAsLocalToSourceTimezone" time="0.0018" /><testcase classname="TimezoneUtility.Unit.Services.BatchConversion.BatchTimestampInterpreterTests" name="TimezoneUtility.Unit.Services.BatchConversion.BatchTimestampInterpreterTests.UnparseableTimestamp_ReturnsFalse" time="0.0434" /></testsuite><testsuite name="TimezoneUtility.Unit.Services.BatchConversion.ModelInvariantTests" tests="8" failures="0" errors="0"><testcase classname="TimezoneUtility.Unit.Services.BatchConversion.ModelInvariantTests" name="TimezoneUtility.Unit.Services.BatchConversion.ModelInvariantTests.REQ_025_RowConversionResult_ConvertedLocalDateTime_ReflectsDateBoundaryCrossing" time="0.0234" /><testcase classname="TimezoneUtility.Unit.Services.BatchConversion.ModelInvariantTests" name="TimezoneUtility.Unit.Services.BatchConversion.ModelInvariantTests.InvalidRowRecord_HoldsRowNumberAndReason" time="0.0003" /><testcase classname="TimezoneUtility.Unit.Services.BatchConversion.ModelInvariantTests" name="TimezoneUtility.Unit.Services.BatchConversion.ModelInvariantTests.BatchConversionRow_HoldsRawFieldsExactlyAsSupplied" time="0.0001" /><testcase classname="TimezoneUtility.Unit.Services.BatchConversion.ModelInvariantTests" name="TimezoneUtility.Unit.Services.BatchConversion.ModelInvariantTests.REQ_021_REQ_022_BatchRunSummary_TotalRowsEqualsSucceededPlusFailed(succeeded: 3, failed: 2)" time="0.0000" /><testcase classname="TimezoneUtility.Unit.Services.BatchConversion.ModelInvariantTests" name="TimezoneUtility.Unit.Services.BatchConversion.ModelInvariantTests.REQ_007_RowConversionResult_ConvertedLocalDateTime_IsDerivedFromInstantAndZone" time="0.0006" /><testcase classname="TimezoneUtility.Unit.Services.BatchConversion.ModelInvariantTests" name="TimezoneUtility.Unit.Services.BatchConversion.ModelInvariantTests.REQ_021_REQ_022_BatchRunSummary_TotalRowsEqualsSucceededPlusFailed(succeeded: 0, failed: 0)" time="0.0002" /><testcase classname="TimezoneUtility.Unit.Services.BatchConversion.ModelInvariantTests" name="TimezoneUtility.Unit.Services.BatchConversion.ModelInvariantTests.REQ_021_REQ_022_BatchRunSummary_TotalRowsEqualsSucceededPlusFailed(succeeded: 0, failed: 5)" time="0.0000" /><testcase classname="TimezoneUtility.Unit.Services.BatchConversion.ModelInvariantTests" name="TimezoneUtility.Unit.Services.BatchConversion.ModelInvariantTests.REQ_021_REQ_022_BatchRunSummary_TotalRowsEqualsSucceededPlusFailed(succeeded: 5, failed: 0)" time="0.0091" /></testsuite><testsuite name="TimezoneUtility.Unit.Services.BatchConversion.BatchRowProcessorTests" tests="3" failures="0" errors="0"><testcase classname="TimezoneUtility.Unit.Services.BatchConversion.BatchRowProcessorTests" name="TimezoneUtility.Unit.Services.BatchConversion.BatchRowProcessorTests.STS_005_C1_UnderlyingConversionEngineThrows_RowIsIsolatedAsFailure" time="0.0305" /><testcase classname="TimezoneUtility.Unit.Services.BatchConversion.BatchRowProcessorTests" name="TimezoneUtility.Unit.Services.BatchConversion.BatchRowProcessorTests.REQ_006_REQ_011_REQ_NF_001_MixedBatch_4Valid16Invalid_AllValidRowsSucceed" time="0.0328" /><testcase classname="TimezoneUtility.Unit.Services.BatchConversion.BatchRowProcessorTests" name="TimezoneUtility.Unit.Services.BatchConversion.BatchRowProcessorTests.STS_006_A1_ConversionThrows_RowIsRoutedToInvalid_OtherRowsUnaffected" time="0.0189" /></testsuite><testsuite name="TimezoneUtility.Unit.Services.BatchConversion.SuccessfulResultFormatterTests" tests="3" failures="0" errors="0"><testcase classname="TimezoneUtility.Unit.Services.BatchConversion.SuccessfulResultFormatterTests" name="TimezoneUtility.Unit.Services.BatchConversion.SuccessfulResultFormatterTests.STS_005_A1_DateBoundaryCrossing_IsCapturedInConvertedResult" time="0.0177" /><testcase classname="TimezoneUtility.Unit.Services.BatchConversion.SuccessfulResultFormatterTests" name="TimezoneUtility.Unit.Services.BatchConversion.SuccessfulResultFormatterTests.STS_008_A1_Result_ContainsOriginalValuesAndConvertedFields" time="0.0010" /><testcase classname="TimezoneUtility.Unit.Services.BatchConversion.SuccessfulResultFormatterTests" name="TimezoneUtility.Unit.Services.BatchConversion.SuccessfulResultFormatterTests.STS_005_A2_SameTimezone_NoOp_ProducesUnchangedTimestamp" time="0.0002" /></testsuite><testsuite name="TimezoneUtility.Unit.Services.BatchConversion.BatchRowValidatorTests" tests="7" failures="0" errors="0"><testcase classname="TimezoneUtility.Unit.Services.BatchConversion.BatchRowValidatorTests" name="TimezoneUtility.Unit.Services.BatchConversion.BatchRowValidatorTests.STS_003_B1_FullyValidRow_Passes" time="0.0122" /><testcase classname="TimezoneUtility.Unit.Services.BatchConversion.BatchRowValidatorTests" name="TimezoneUtility.Unit.Services.BatchConversion.BatchRowValidatorTests.REQ_010_UnrecognizedTargetTimezone_Fails" time="0.0001" /><testcase classname="TimezoneUtility.Unit.Services.BatchConversion.BatchRowValidatorTests" name="TimezoneUtility.Unit.Services.BatchConversion.BatchRowValidatorTests.REQ_015_MissingTargetTimezone_FailsIdentifyingTheField" time="0.0000" /><testcase classname="TimezoneUtility.Unit.Services.BatchConversion.BatchRowValidatorTests" name="TimezoneUtility.Unit.Services.BatchConversion.BatchRowValidatorTests.STS_003_A2_UnrecognizedSourceTimezone_FailsWithFieldSpecificReason" time="0.0068" /><testcase classname="TimezoneUtility.Unit.Services.BatchConversion.BatchRowValidatorTests" name="TimezoneUtility.Unit.Services.BatchConversion.BatchRowValidatorTests.STS_003_B2_ValidIanaIdentifiers_AreRecognized" time="0.0001" /><testcase classname="TimezoneUtility.Unit.Services.BatchConversion.BatchRowValidatorTests" name="TimezoneUtility.Unit.Services.BatchConversion.BatchRowValidatorTests.REQ_015_MissingSourceTimezone_FailsIdentifyingTheField" time="0.0001" /><testcase classname="TimezoneUtility.Unit.Services.BatchConversion.BatchRowValidatorTests" name="TimezoneUtility.Unit.Services.BatchConversion.BatchRowValidatorTests.REQ_015_MissingTimestamp_FailsIdentifyingTheField" time="0.0081" /></testsuite><testsuite name="TimezoneUtility.Unit.Services.BatchConversion.BatchOutputWriterTests" tests="2" failures="0" errors="0"><testcase classname="TimezoneUtility.Unit.Services.BatchConversion.BatchOutputWriterTests" name="TimezoneUtility.Unit.Services.BatchConversion.BatchOutputWriterTests.STS_009_B1_WriteDestinationUnwritable_ReportsFailure_AndInMemoryResultsRemainRetained" time="0.0512" /><testcase classname="TimezoneUtility.Unit.Services.BatchConversion.BatchOutputWriterTests" name="TimezoneUtility.Unit.Services.BatchConversion.BatchOutputWriterTests.STS_009_A1_TwoOutputArtifacts_ContainExactlyTheirOwnRecordsWithNoIntermixing" time="0.0076" /></testsuite><testsuite name="TimezoneUtility.Unit.Services.BatchConversion.CsvBatchReaderTests" tests="6" failures="0" errors="0"><testcase classname="TimezoneUtility.Unit.Services.BatchConversion.CsvBatchReaderTests" name="TimezoneUtility.Unit.Services.BatchConversion.CsvBatchReaderTests.REQ_002_HeaderNames_AreCaseInsensitive" time="0.0008" /><testcase classname="TimezoneUtility.Unit.Services.BatchConversion.CsvBatchReaderTests" name="TimezoneUtility.Unit.Services.BatchConversion.CsvBatchReaderTests.STS_002_A2_UnresolvableHeader_ReturnsFileLevelError_NoRowsProcessed" time="0.0009" /><testcase classname="TimezoneUtility.Unit.Services.BatchConversion.CsvBatchReaderTests" name="TimezoneUtility.Unit.Services.BatchConversion.CsvBatchReaderTests.STS_002_A1_HeaderColumnsResolvedByName_OrderIndependent_ExtraColumnIgnored" time="0.0012" /><testcase classname="TimezoneUtility.Unit.Services.BatchConversion.CsvBatchReaderTests" name="TimezoneUtility.Unit.Services.BatchConversion.CsvBatchReaderTests.STS_001_A1_MissingFile_ReturnsFileLevelError" time="0.0022" /><testcase classname="TimezoneUtility.Unit.Services.BatchConversion.CsvBatchReaderTests" name="TimezoneUtility.Unit.Services.BatchConversion.CsvBatchReaderTests.STS_002_B1_HeaderOnlyFile_ResolvesSuccessfullyWithZeroRows" time="0.0009" /><testcase classname="TimezoneUtility.Unit.Services.BatchConversion.CsvBatchReaderTests" name="TimezoneUtility.Unit.Services.BatchConversion.CsvBatchReaderTests.REQ_028_EntirelyBlankRow_IsSkipped_NotCountedAsARow" time="0.0081" /></testsuite><testsuite name="TimezoneUtility.Unit.Services.BatchConversion.InvalidRowReporterTests" tests="3" failures="0" errors="0"><testcase classname="TimezoneUtility.Unit.Services.BatchConversion.InvalidRowReporterTests" name="TimezoneUtility.Unit.Services.BatchConversion.InvalidRowReporterTests.STS_007_B1_50Of200Rows_EachProducesDistinctEntry_ZeroOmitted" time="0.0031" /><testcase classname="TimezoneUtility.Unit.Services.BatchConversion.InvalidRowReporterTests" name="TimezoneUtility.Unit.Services.BatchConversion.InvalidRowReporterTests.REQ_014_UnrecognizedTimezoneReason_ContainsTheOffendingValue" time="0.0007" /><testcase classname="TimezoneUtility.Unit.Services.BatchConversion.InvalidRowReporterTests" name="TimezoneUtility.Unit.Services.BatchConversion.InvalidRowReporterTests.STS_007_A1_ReportedEntry_ContainsRowNumberAndReason" time="0.0093" /></testsuite><testsuite name="TimezoneUtility.Contract.BatchConvertContractTests" tests="7" failures="0" errors="0"><testcase classname="TimezoneUtility.Contract.BatchConvertContractTests" name="TimezoneUtility.Contract.BatchConvertContractTests.SuccessfulOutputCsv_Schema_MatchesDocumentedHeader" time="0.0034" /><testcase classname="TimezoneUtility.Contract.BatchConvertContractTests" name="TimezoneUtility.Contract.BatchConvertContractTests.OutputWriteFailure_ExitsWithCode3_AndMessageMentionsCouldNotBeSaved" time="0.0027" /><testcase classname="TimezoneUtility.Contract.BatchConvertContractTests" name="TimezoneUtility.Contract.BatchConvertContractTests.RunSummary_Json_ContainsDocumentedFields" time="0.0237" /><testcase classname="TimezoneUtility.Contract.BatchConvertContractTests" name="TimezoneUtility.Contract.BatchConvertContractTests.CLI_Surface_HasInputFileArgument_OutputDirOption_JsonOption" time="0.0032" /><testcase classname="TimezoneUtility.Contract.BatchConvertContractTests" name="TimezoneUtility.Contract.BatchConvertContractTests.RunSummary_HumanReadable_DisplaysExplicitZeroFailedCount" time="0.0677" /><testcase classname="TimezoneUtility.Contract.BatchConvertContractTests" name="TimezoneUtility.Contract.BatchConvertContractTests.InvalidRowReportCsv_Schema_MatchesDocumentedHeader_AndIsSeparateFile" time="0.0059" /><testcase classname="TimezoneUtility.Contract.BatchConvertContractTests" name="TimezoneUtility.Contract.BatchConvertContractTests.CLI_Surface_SupportsHelp" time="0.0205" /></testsuite><testsuite name="TimezoneUtility.Integration.Commands.ConvertBatchCommandTests" tests="27" failures="0" errors="0"><testcase classname="TimezoneUtility.Integration.Commands.ConvertBatchCommandTests" name="TimezoneUtility.Integration.Commands.ConvertBatchCommandTests.ATP_018_A_SCN_018_A1_FileLevelError_NoRowsProcessed_BothOutputsAbsent" time="0.0005" /><testcase classname="TimezoneUtility.Integration.Commands.ConvertBatchCommandTests" name="TimezoneUtility.Integration.Commands.ConvertBatchCommandTests.ATP_023_A_SCN_023_A1_HeaderOnlyFile_CompletesCleanlyWithEmptyOutputsAndNoRowsMessage" time="0.0006" /><testcase classname="TimezoneUtility.Integration.Commands.ConvertBatchCommandTests" name="TimezoneUtility.Integration.Commands.ConvertBatchCommandTests.ATP_012_A_SCN_012_A1_InvalidRowReport_ReferencesCorrectRowNumber" time="0.0014" /><testcase classname="TimezoneUtility.Integration.Commands.ConvertBatchCommandTests" name="TimezoneUtility.Integration.Commands.ConvertBatchCommandTests.ATP_008_009_010_A_InvalidRow_AbsentFromSuccess_PresentInInvalidReport(ts: &quot;2026-02-10 09:00:00&quot;, src: &quot;Mars/Colony_One&quot;, tgt: &quot;UTC&quot;)" time="0.0007" /><testcase classname="TimezoneUtility.Integration.Commands.ConvertBatchCommandTests" name="TimezoneUtility.Integration.Commands.ConvertBatchCommandTests.STS_011_A2_OutputWriteFails_OrchestratorSurfacesFailure_ExitCode3_AfterAllRowsProcessed" time="0.0016" /><testcase classname="TimezoneUtility.Integration.Commands.ConvertBatchCommandTests" name="TimezoneUtility.Integration.Commands.ConvertBatchCommandTests.ATP_014_A_SCN_014_A1_UnrecognizedTimezone_ReasonReferencesFieldAndValue" time="0.0009" /><testcase classname="TimezoneUtility.Integration.Commands.ConvertBatchCommandTests" name="TimezoneUtility.Integration.Commands.ConvertBatchCommandTests.ATP_017_A_SCN_017_A1_UnidentifiableHeader_ExitCode2" time="0.0008" /><testcase classname="TimezoneUtility.Integration.Commands.ConvertBatchCommandTests" name="TimezoneUtility.Integration.Commands.ConvertBatchCommandTests.ATP_006_A_SCN_006_A1_OneRowFailure_DoesNotAffectAnotherRowsSuccess" time="0.0015" /><testcase classname="TimezoneUtility.Integration.Commands.ConvertBatchCommandTests" name="TimezoneUtility.Integration.Commands.ConvertBatchCommandTests.ATP_021_022_NF_003_A_ThreeRuns_SummaryCountsAloneClassifyOutcome" time="0.0019" /><testcase classname="TimezoneUtility.Integration.Commands.ConvertBatchCommandTests" name="TimezoneUtility.Integration.Commands.ConvertBatchCommandTests.ATP_011_A_SCN_011_A1_BatchContinuesProcessingAfterInvalidRow" time="0.0009" /><testcase classname="TimezoneUtility.Integration.Commands.ConvertBatchCommandTests" name="TimezoneUtility.Integration.Commands.ConvertBatchCommandTests.ATP_026_A_SCN_026_A1_SpringForwardGap_ResolvesSuccessfully_NotInvalid" time="0.0017" /><testcase classname="TimezoneUtility.Integration.Commands.ConvertBatchCommandTests" name="TimezoneUtility.Integration.Commands.ConvertBatchCommandTests.ATP_NF_001_A_SCN_NF_001_A1_100PercentOfValidRows_ProduceConvertedResults" time="0.0011" /><testcase classname="TimezoneUtility.Integration.Commands.ConvertBatchCommandTests" name="TimezoneUtility.Integration.Commands.ConvertBatchCommandTests.ATP_026_B_SCN_026_B1_FallBackAmbiguousHour_ResolvesSuccessfully_NotInvalid" time="0.0055" /><testcase classname="TimezoneUtility.Integration.Commands.ConvertBatchCommandTests" name="TimezoneUtility.Integration.Commands.ConvertBatchCommandTests.ATP_004_A_SCN_004_A1_ExtraUnrecognizedColumns_AreIgnored" time="0.0010" /><testcase classname="TimezoneUtility.Integration.Commands.ConvertBatchCommandTests" name="TimezoneUtility.Integration.Commands.ConvertBatchCommandTests.ATP_NF_005_A_SCN_NF_005_A1_10000RowFile_CompletesInSingleRun" time="0.0478" /><testcase classname="TimezoneUtility.Integration.Commands.ConvertBatchCommandTests" name="TimezoneUtility.Integration.Commands.ConvertBatchCommandTests.ATP_020_A_SCN_020_A1_InvalidReport_IsSeparateFromSuccessfulOutput" time="0.0006" /><testcase classname="TimezoneUtility.Integration.Commands.ConvertBatchCommandTests" name="TimezoneUtility.Integration.Commands.ConvertBatchCommandTests.ATP_013_A_SCN_013_A1_UnparseableTimestamp_ReasonReferencesTimestampField" time="0.0008" /><testcase classname="TimezoneUtility.Integration.Commands.ConvertBatchCommandTests" name="TimezoneUtility.Integration.Commands.ConvertBatchCommandTests.REQ_027_IdenticalSourceAndTargetTimezone_StillProducesUnchangedResult" time="0.0009" /><testcase classname="TimezoneUtility.Integration.Commands.ConvertBatchCommandTests" name="TimezoneUtility.Integration.Commands.ConvertBatchCommandTests.ATP_008_009_010_A_InvalidRow_AbsentFromSuccess_PresentInInvalidReport(ts: &quot;32/99/2026&quot;, src: &quot;America/Denver&quot;, tgt: &quot;UTC&quot;)" time="0.0006" /><testcase classname="TimezoneUtility.Integration.Commands.ConvertBatchCommandTests" name="TimezoneUtility.Integration.Commands.ConvertBatchCommandTests.ATP_015_A_SCN_015_A1_MissingSourceTimezone_ReasonIdentifiesTheField" time="0.0010" /><testcase classname="TimezoneUtility.Integration.Commands.ConvertBatchCommandTests" name="TimezoneUtility.Integration.Commands.ConvertBatchCommandTests.REQ_024_NoExplicitOffset_InterpretedAsLocalToSourceTimezone" time="0.0010" /><testcase classname="TimezoneUtility.Integration.Commands.ConvertBatchCommandTests" name="TimezoneUtility.Integration.Commands.ConvertBatchCommandTests.ATP_001_A_SCN_001_A1_AllValidRows_ProduceExactCountSuccessfulOutput" time="0.0007" /><testcase classname="TimezoneUtility.Integration.Commands.ConvertBatchCommandTests" name="TimezoneUtility.Integration.Commands.ConvertBatchCommandTests.ATP_008_009_010_A_InvalidRow_AbsentFromSuccess_PresentInInvalidReport(ts: &quot;2026-02-10 09:00:00&quot;, src: &quot;UTC&quot;, tgt: &quot;Europe/Atlantis&quot;)" time="0.0008" /><testcase classname="TimezoneUtility.Integration.Commands.ConvertBatchCommandTests" name="TimezoneUtility.Integration.Commands.ConvertBatchCommandTests.ATP_NF_002_A_SCN_NF_002_A1_5InvalidRows_EachDistinctFailureCause_AllAppear" time="0.0008" /><testcase classname="TimezoneUtility.Integration.Commands.ConvertBatchCommandTests" name="TimezoneUtility.Integration.Commands.ConvertBatchCommandTests.ATP_028_A_SCN_028_A1_EntirelyBlankRow_SkippedNotCountedEitherWay" time="0.0562" /><testcase classname="TimezoneUtility.Integration.Commands.ConvertBatchCommandTests" name="TimezoneUtility.Integration.Commands.ConvertBatchCommandTests.ATP_002_A_SCN_002_A1_ColumnsIdentifiedByHeaderName_RegardlessOfOrder" time="0.0011" /><testcase classname="TimezoneUtility.Integration.Commands.ConvertBatchCommandTests" name="TimezoneUtility.Integration.Commands.ConvertBatchCommandTests.ATP_016_A_SCN_016_A1_MissingInputFile_ExitCode2_NoInvalidRowEntries" time="0.0003" /></testsuite></testsuites>